mode: set
Blind75/searchRotatedSortedArray/searchRotatedSortedArray.go:3.41,5.18 2 1
Blind75/searchRotatedSortedArray/searchRotatedSortedArray.go:9.2,9.6 1 1
Blind75/searchRotatedSortedArray/searchRotatedSortedArray.go:39.2,39.11 1 1
Blind75/searchRotatedSortedArray/searchRotatedSortedArray.go:5.18,7.3 1 1
Blind75/searchRotatedSortedArray/searchRotatedSortedArray.go:9.6,10.18 1 1
Blind75/searchRotatedSortedArray/searchRotatedSortedArray.go:15.3,16.26 2 1
Blind75/searchRotatedSortedArray/searchRotatedSortedArray.go:22.3,22.31 1 1
Blind75/searchRotatedSortedArray/searchRotatedSortedArray.go:10.18,11.9 1 1
Blind75/searchRotatedSortedArray/searchRotatedSortedArray.go:16.26,18.4 1 1
Blind75/searchRotatedSortedArray/searchRotatedSortedArray.go:22.31,24.51 1 1
Blind75/searchRotatedSortedArray/searchRotatedSortedArray.go:24.51,26.5 1 1
Blind75/searchRotatedSortedArray/searchRotatedSortedArray.go:26.10,29.5 1 1
Blind75/searchRotatedSortedArray/searchRotatedSortedArray.go:30.9,32.49 1 0
Blind75/searchRotatedSortedArray/searchRotatedSortedArray.go:32.49,34.5 1 0
Blind75/searchRotatedSortedArray/searchRotatedSortedArray.go:34.10,36.5 1 0
